# JRE version: OpenJDK Runtime Environment (11.0.6+10) (build 11.0.6+10)
# Java VM: OpenJDK 64-Bit Server VM (11.0.6+10, mixed mode, tiered, compressed oops, g1 gc, windows-amd64)
Heap:
 garbage-first heap   total 156672K, used 95113K [0x00000000c0000000, 0x0000000100000000)
  region size 1024K, 6 young (6144K), 1 survivors (1024K)
 Metaspace       used 64689K, capacity 67942K, committed 68092K, reserved 1110016K
  class space    used 6317K, capacity 7452K, committed 7500K, reserved 1048576K
GC Heap History (20 events):
Event: 445.446 GC heap before
{Heap before GC invocations=19 (full 0):
 garbage-first heap   total 156672K, used 108389K [0x00000000c0000000, 0x0000000100000000)
  region size 1024K, 33 young (33792K), 1 survivors (1024K)
 Metaspace       used 61400K, capacity 64680K, committed 64892K, reserved 1107968K
  class space    used 6143K, capacity 7289K, committed 7372K, reserved 1048576K
}
Event: 445.457 GC heap after
{Heap after GC invocations=20 (full 0):
 garbage-first heap   total 156672K, used 78329K [0x00000000c0000000, 0x0000000100000000)
  region size 1024K, 3 young (3072K), 3 survivors (3072K)
 Metaspace       used 61400K, capacity 64680K, committed 64892K, reserved 1107968K
  class space    used 6143K, capacity 7289K, committed 7372K, reserved 1048576K
}
Event: 487.606 GC heap before
{Heap before GC invocations=21 (full 0):
 garbage-first heap   total 156672K, used 113145K [0x00000000c0000000, 0x0000000100000000)
  region size 1024K, 37 young (37888K), 3 survivors (3072K)
 Metaspace       used 62201K, capacity 65326K, committed 65404K, reserved 1107968K
  class space    used 6210K, capacity 7336K, committed 7372K, reserved 1048576K
}
Event: 487.620 GC heap after
{Heap after GC invocations=22 (full 0):
 garbage-first heap   total 156672K, used 81795K [0x00000000c0000000, 0x0000000100000000)
  region size 1024K, 5 young (5120K), 5 survivors (5120K)
 Metaspace       used 62201K, capacity 65326K, committed 65404K, reserved 1107968K
  class space    used 6210K, capacity 7336K, committed 7372K, reserved 1048576K
}
Event: 487.878 GC heap before
{Heap before GC invocations=22 (full 0):
 garbage-first heap   total 156672K, used 86915K [0x00000000c0000000, 0x0000000100000000)
  region size 1024K, 7 young (7168K), 5 survivors (5120K)
 Metaspace       used 62221K, capacity 65390K, committed 65660K, reserved 1107968K
  class space    used 6211K, capacity 7336K, committed 7372K, reserved 1048576K
}
Event: 487.924 GC heap after
{Heap after GC invocations=23 (full 0):
 garbage-first heap   total 156672K, used 80988K [0x00000000c0000000, 0x0000000100000000)
  region size 1024K, 1 young (1024K), 1 survivors (1024K)
 Metaspace       used 62221K, capacity 65390K, committed 65660K, reserved 1107968K
  class space    used 6211K, capacity 7336K, committed 7372K, reserved 1048576K
}
Event: 490.227 GC heap before
{Heap before GC invocations=23 (full 0):
 garbage-first heap   total 156672K, used 114780K [0x00000000c0000000, 0x0000000100000000)
  region size 1024K, 35 young (35840K), 1 survivors (1024K)
 Metaspace       used 63292K, capacity 66555K, committed 66812K, reserved 1107968K
  class space    used 6264K, capacity 7403K, committed 7500K, reserved 1048576K
}
Event: 490.276 GC heap after
{Heap after GC invocations=24 (full 0):
 garbage-first heap   total 156672K, used 94208K [0x00000000c0000000, 0x0000000100000000)
  region size 1024K, 5 young (5120K), 5 survivors (5120K)
 Metaspace       used 63292K, capacity 66555K, committed 66812K, reserved 1107968K
  class space    used 6264K, capacity 7403K, committed 7500K, reserved 1048576K
}
Event: 491.806 GC heap before
{Heap before GC invocations=25 (full 0):
 garbage-first heap   total 156672K, used 120832K [0x00000000c0000000, 0x0000000100000000)
  region size 1024K, 31 young (31744K), 5 survivors (5120K)
 Metaspace       used 63896K, capacity 67135K, committed 67324K, reserved 1110016K
  class space    used 6303K, capacity 7448K, committed 7500K, reserved 1048576K
}
Event: 491.828 GC heap after
{Heap after GC invocations=26 (full 0):
 garbage-first heap   total 156672K, used 97305K [0x00000000c0000000, 0x0000000100000000)
  region size 1024K, 4 young (4096K), 4 survivors (4096K)
 Metaspace       used 63896K, capacity 67135K, committed 67324K, reserved 1110016K
  class space    used 6303K, capacity 7448K, committed 7500K, reserved 1048576K
}
Event: 491.985 GC heap before
{Heap before GC invocations=26 (full 0):
 garbage-first heap   total 156672K, used 100377K [0x00000000c0000000, 0x0000000100000000)
  region size 1024K, 7 young (7168K), 4 survivors (4096K)
 Metaspace       used 63961K, capacity 67199K, committed 67324K, reserved 1110016K
  class space    used 6304K, capacity 7448K, committed 7500K, reserved 1048576K
}
Event: 492.000 GC heap after
{Heap after GC invocations=27 (full 0):
 garbage-first heap   total 156672K, used 97077K [0x00000000c0000000, 0x0000000100000000)
  region size 1024K, 1 young (1024K), 1 survivors (1024K)
 Metaspace       used 63961K, capacity 67199K, committed 67324K, reserved 1110016K
  class space    used 6304K, capacity 7448K, committed 7500K, reserved 1048576K
}
Event: 492.670 GC heap before
{Heap before GC invocations=27 (full 0):
 garbage-first heap   total 156672K, used 122677K [0x00000000c0000000, 0x0000000100000000)
  region size 1024K, 27 young (27648K), 1 survivors (1024K)
 Metaspace       used 64181K, capacity 67393K, committed 67580K, reserved 1110016K
  class space    used 6310K, capacity 7448K, committed 7500K, reserved 1048576K
}
Event: 492.682 GC heap after
{Heap after GC invocations=28 (full 0):
 garbage-first heap   total 156672K, used 99077K [0x00000000c0000000, 0x0000000100000000)
  region size 1024K, 3 young (3072K), 3 survivors (3072K)
 Metaspace       used 64181K, capacity 67393K, committed 67580K, reserved 1110016K
  class space    used 6310K, capacity 7448K, committed 7500K, reserved 1048576K
}
Event: 507.065 GC heap before
{Heap before GC invocations=29 (full 0):
 garbage-first heap   total 156672K, used 124677K [0x00000000c0000000, 0x0000000100000000)
  region size 1024K, 29 young (29696K), 3 survivors (3072K)
 Metaspace       used 64377K, capacity 67667K, committed 67836K, reserved 1110016K
  class space    used 6316K, capacity 7452K, committed 7500K, reserved 1048576K
}
Event: 507.091 GC heap after
{Heap after GC invocations=30 (full 0):
 garbage-first heap   total 156672K, used 97207K [0x00000000c0000000, 0x0000000100000000)
  region size 1024K, 2 young (2048K), 2 survivors (2048K)
 Metaspace       used 64377K, capacity 67667K, committed 67836K, reserved 1110016K
  class space    used 6316K, capacity 7452K, committed 7500K, reserved 1048576K
}
Event: 512.303 GC heap before
{Heap before GC invocations=30 (full 0):
 garbage-first heap   total 156672K, used 102327K [0x00000000c0000000, 0x0000000100000000)
  region size 1024K, 7 young (7168K), 2 survivors (2048K)
 Metaspace       used 64401K, capacity 67667K, committed 67836K, reserved 1110016K
  class space    used 6316K, capacity 7452K, committed 7500K, reserved 1048576K
}
Event: 512.329 GC heap after
{Heap after GC invocations=31 (full 0):
 garbage-first heap   total 156672K, used 91460K [0x00000000c0000000, 0x0000000100000000)
  region size 1024K, 1 young (1024K), 1 survivors (1024K)
 Metaspace       used 64401K, capacity 67667K, committed 67836K, reserved 1110016K
  class space    used 6316K, capacity 7452K, committed 7500K, reserved 1048576K
}
Event: 666.466 GC heap before
{Heap before GC invocations=31 (full 0):
 garbage-first heap   total 156672K, used 121156K [0x00000000c0000000, 0x0000000100000000)
  region size 1024K, 30 young (30720K), 1 survivors (1024K)
 Metaspace       used 64622K, capacity 67814K, committed 68092K, reserved 1110016K
  class space    used 6317K, capacity 7452K, committed 7500K, reserved 1048576K
}
Event: 666.476 GC heap after
{Heap after GC invocations=32 (full 0):
 garbage-first heap   total 156672K, used 91017K [0x00000000c0000000, 0x0000000100000000)
  region size 1024K, 1 young (1024K), 1 survivors (1024K)
 Metaspace       used 64622K, capacity 67814K, committed 68092K, reserved 1110016K
  class space    used 6317K, capacity 7452K, committed 7500K, reserved 1048576K
}

